#
# There is insufficient memory for the Java Runtime Environment to continue.
# Native memory allocation (malloc) failed to allocate 1863152 bytes. Error detail: Chunk::new
# Possible reasons:
#   The system is out of physical RAM or swap space
#   This process is running with CompressedOops enabled, and the Java Heap may be blocking the growth of the native heap
# Possible solutions:
#   Reduce memory load on the system
#   Increase physical memory or swap space
#   Check if swap backing store is full
#   Decrease Java heap size (-Xmx/-Xms)
#   Decrease number of Java threads
#   Decrease Java thread stack sizes (-Xss)
#   Set larger code cache with -XX:ReservedCodeCacheSize=
#   JVM is running with Unscaled Compressed Oops mode in which the Java heap is
#     placed in the first 4GB address space. The Java Heap base address is the
#     maximum limit for the native heap growth. Please use -XX:HeapBaseMinAddress
#     to set the Java Heap base and to place the Java Heap above 4GB virtual address.
# This output file may be truncated or incomplete.
#
#  Out of Memory Error (arena.cpp:149), pid=7192, tid=12616
#
# JRE version: Java(TM) SE Runtime Environment (23.0.1+11) (build 23.0.1+11-39)
# Java VM: Java HotSpot(TM) 64-Bit Server VM (23.0.1+11-39, mixed mode, sharing, tiered, compressed oops, compressed class ptrs, g1 gc, windows-amd64)
# No core dump will be written. Minidumps are not enabled by default on client versions of Windows
#

---------------  S U M M A R Y ------------

Command Line: -javaagent:C:\Program Files\JetBrains\IntelliJ IDEA Community Edition 2024.3.1\lib\idea_rt.jar=50639:C:\Program Files\JetBrains\IntelliJ IDEA Community Edition 2024.3.1\bin -Dfile.encoding=UTF-8 -Dsun.stdout.encoding=UTF-8 -Dsun.stderr.encoding=UTF-8 com.app.Todo.TodoApplication

Host: Intel(R) Core(TM) i5-1035G1 CPU @ 1.00GHz, 8 cores, 7G,  Windows 11 , 64 bit Build 26100 (10.0.26100.2454)
Time: Tue Dec 17 10:43:42 2024 India Standard Time elapsed time: 16.437028 seconds (0d 0h 0m 16s)

---------------  T H R E A D  ---------------

Current thread (0x0000015ddbc349c0):  JavaThread "C2 CompilerThread0" daemon [_thread_in_native, id=12616, stack(0x0000003db4b00000,0x0000003db4c00000) (1024K)]


Current CompileTask:
C2:16437 5483   !   4       org.springframework.util.ReflectionUtils::doWithMethods (186 bytes)

Stack: [0x0000003db4b00000,0x0000003db4c00000]
Native frames: (J=compiled Java code, j=interpreted, Vv=VM code, C=native code)
V  [jvm.dll+0x6e08b9]  (no source info available)
V  [jvm.dll+0x87dc83]  (no source info available)
V  [jvm.dll+0x88010e]  (no source info available)
V  [jvm.dll+0x8807e3]  (no source info available)
V  [jvm.dll+0x27aee6]  (no source info available)
V  [jvm.dll+0xbc06f]  (no source info available)
V  [jvm.dll+0xbc2cb]  (no source info available)
V  [jvm.dll+0x3b3a9c]  (no source info available)
V  [jvm.dll+0x38a42b]  (no source info available)
V  [jvm.dll+0x38989a]  (no source info available)
V  [jvm.dll+0x244aa1]  (no source info available)
V  [jvm.dll+0x243dff]  (no source info available)
V  [jvm.dll+0x1c33a0]  (no source info available)
V  [jvm.dll+0x253cf1]  (no source info available)
V  [jvm.dll+0x251faa]  (no source info available)
V  [jvm.dll+0x3ee036]  (no source info available)
V  [jvm.dll+0x824f8b]  (no source info available)
V  [jvm.dll+0x6df065]  (no source info available)
C  [ucrtbase.dll+0x14ea0]  (no source info available)
C  [KERNEL32.DLL+0x2e8d7]  (no source info available)
C  [ntdll.dll+0xdfbcc]  (no source info available)

Lock stack of current Java thread (top to bottom):


---------------  P R O C E S S  ---------------

Threads class SMR info:
_java_thread_list=0x0000015e21756650, length=19, elements={
0x0000015dbeed2a50, 0x0000015ddbc1fc00, 0x0000015ddbc21190, 0x0000015ddbc274c0,
0x0000015ddbc27b30, 0x0000015ddbc2a1f0, 0x0000015ddbc2e9a0, 0x0000015ddbc349c0,
0x0000015ddbc3e540, 0x0000015e210b2da0, 0x0000015e213580c0, 0x0000015e2154b410,
0x0000015e21dd8ec0, 0x0000015e21dd9550, 0x0000015e21dd7b10, 0x0000015e242236f0,
0x0000015e24223d80, 0x0000015e2303f040, 0x0000015e266a1ff0
}

Java Threads: ( => current thread )
  0x0000015dbeed2a50 JavaThread "main"                              [_thread_in_Java, id=11392, stack(0x0000003db3d00000,0x0000003db3e00000) (1024K)]
  0x0000015ddbc1fc00 JavaThread "Reference Handler"          daemon [_thread_blocked, id=4512, stack(0x0000003db4500000,0x0000003db4600000) (1024K)]
  0x0000015ddbc21190 JavaThread "Finalizer"                  daemon [_thread_blocked, id=3184, stack(0x0000003db4600000,0x0000003db4700000) (1024K)]
  0x0000015ddbc274c0 JavaThread "Signal Dispatcher"          daemon [_thread_blocked, id=6996, stack(0x0000003db4700000,0x0000003db4800000) (1024K)]
  0x0000015ddbc27b30 JavaThread "Attach Listener"            daemon [_thread_blocked, id=2440, stack(0x0000003db4800000,0x0000003db4900000) (1024K)]
  0x0000015ddbc2a1f0 JavaThread "Service Thread"             daemon [_thread_blocked, id=13108, stack(0x0000003db4900000,0x0000003db4a00000) (1024K)]
  0x0000015ddbc2e9a0 JavaThread "Monitor Deflation Thread"   daemon [_thread_blocked, id=10056, stack(0x0000003db4a00000,0x0000003db4b00000) (1024K)]
=>0x0000015ddbc349c0 JavaThread "C2 CompilerThread0"         daemon [_thread_in_native, id=12616, stack(0x0000003db4b00000,0x0000003db4c00000) (1024K)]
  0x0000015ddbc3e540 JavaThread "C1 CompilerThread0"         daemon [_thread_blocked, id=5676, stack(0x0000003db4c00000,0x0000003db4d00000) (1024K)]
  0x0000015e210b2da0 JavaThread "Common-Cleaner"             daemon [_thread_blocked, id=13612, stack(0x0000003db4d00000,0x0000003db4e00000) (1024K)]
  0x0000015e213580c0 JavaThread "Monitor Ctrl-Break"         daemon [_thread_in_native, id=8940, stack(0x0000003db4f00000,0x0000003db5000000) (1024K)]
  0x0000015e2154b410 JavaThread "Notification Thread"        daemon [_thread_blocked, id=12116, stack(0x0000003db5000000,0x0000003db5100000) (1024K)]
  0x0000015e21dd8ec0 JavaThread "Catalina-utility-1"                [_thread_blocked, id=7928, stack(0x0000003db5a00000,0x0000003db5b00000) (1024K)]
  0x0000015e21dd9550 JavaThread "Catalina-utility-2"                [_thread_blocked, id=6836, stack(0x0000003db5b00000,0x0000003db5c00000) (1024K)]
  0x0000015e21dd7b10 JavaThread "container-0"                       [_thread_blocked, id=8700, stack(0x0000003db5c00000,0x0000003db5d00000) (1024K)]
  0x0000015e242236f0 JavaThread "mysql-cj-abandoned-connection-cleanup" daemon [_thread_blocked, id=7704, stack(0x0000003db5d00000,0x0000003db5e00000) (1024K)]
  0x0000015e24223d80 JavaThread "HikariPool-1 housekeeper"   daemon [_thread_blocked, id=2092, stack(0x0000003db5e00000,0x0000003db5f00000) (1024K)]
  0x0000015e2303f040 JavaThread "C2 CompilerThread1"         daemon [_thread_in_native, id=7924, stack(0x0000003db5700000,0x0000003db5800000) (1024K)]
  0x0000015e266a1ff0 JavaThread "C2 CompilerThread2"         daemon [_thread_in_native, id=12964, stack(0x0000003db6000000,0x0000003db6100000) (1024K)]
Total: 19

Other Threads:
  0x0000015ddbc06de0 VMThread "VM Thread"                           [id=6676, stack(0x0000003db4400000,0x0000003db4500000) (1024K)]
  0x0000015ddbbf2170 WatcherThread "VM Periodic Task Thread"        [id=9508, stack(0x0000003db4300000,0x0000003db4400000) (1024K)]
  0x0000015dbef29300 WorkerThread "GC Thread#0"                     [id=12224, stack(0x0000003db3e00000,0x0000003db3f00000) (1024K)]
  0x0000015e21d14990 WorkerThread "GC Thread#1"                     [id=13740, stack(0x0000003db5100000,0x0000003db5200000) (1024K)]
  0x0000015e21d18ed0 WorkerThread "GC Thread#2"                     [id=4412, stack(0x0000003db5200000,0x0000003db5300000) (1024K)]
  0x0000015e21d367a0 WorkerThread "GC Thread#3"                     [id=12416, stack(0x0000003db5300000,0x0000003db5400000) (1024K)]
  0x0000015e21d36f60 WorkerThread "GC Thread#4"                     [id=4668, stack(0x0000003db5400000,0x0000003db5500000) (1024K)]
  0x0000015e21d37310 WorkerThread "GC Thread#5"                     [id=9860, stack(0x0000003db5500000,0x0000003db5600000) (1024K)]
  0x0000015e21d376c0 WorkerThread "GC Thread#6"                     [id=13888, stack(0x0000003db5600000,0x0000003db5700000) (1024K)]
  0x0000015e21d69250 WorkerThread "GC Thread#7"                     [id=8288, stack(0x0000003db5900000,0x0000003db5a00000) (1024K)]
  0x0000015dbef3fb00 ConcurrentGCThread "G1 Main Marker"            [id=13184, stack(0x0000003db3f00000,0x0000003db4000000) (1024K)]
  0x0000015dbef40db0 WorkerThread "G1 Conc#0"                       [id=10556, stack(0x0000003db4000000,0x0000003db4100000) (1024K)]
  0x0000015e22a0f8a0 WorkerThread "G1 Conc#1"                       [id=12496, stack(0x0000003db5800000,0x0000003db5900000) (1024K)]
  0x0000015dbef8e950 ConcurrentGCThread "G1 Refine#0"               [id=3612, stack(0x0000003db4100000,0x0000003db4200000) (1024K)]
  0x0000015ddbac1170 ConcurrentGCThread "G1 Service"                [id=3316, stack(0x0000003db4200000,0x0000003db4300000) (1024K)]
Total: 15

Threads with active compile tasks:
C2 CompilerThread0  18573 5483   !   4       org.springframework.util.ReflectionUtils::doWithMethods (186 bytes)
C2 CompilerThread1  18573 5513       4       org.springframework.core.annotation.AnnotationsScanner::scan (21 bytes)
C2 CompilerThread2  18573 5512   !   4       org.springframework.core.annotation.AnnotationsScanner::processMethodHierarchy (276 bytes)
Total: 3

VM state: not at safepoint (normal execution)

VM Mutex/Monitor currently owned by a thread: None

Heap address: 0x0000000083000000, size: 2000 MB, Compressed Oops mode: 32-bit

CDS archive(s) mapped at: [0x0000015ddc000000-0x0000015ddcd70000-0x0000015ddcd70000), size 14090240, SharedBaseAddress: 0x0000015ddc000000, ArchiveRelocationMode: 1.
Compressed class space mapped at: 0x0000015ddd000000-0x0000015e1d000000, reserved size: 1073741824
Narrow klass base: 0x0000015ddc000000, Narrow klass shift: 0, Narrow klass range: 0x41000000

GC Precious Log:
 CardTable entry size: 512
 Card Set container configuration: InlinePtr #cards 5 size 8 Array Of Cards #cards 10 size 36 Howl #buckets 4 coarsen threshold 1843 Howl Bitmap #cards 512 size 80 coarsen threshold 460 Card regions per heap region 1 cards per card region 2048
 CPUs: 8 total, 8 available
 Memory: 7997M
 Large Page Support: Disabled
 NUMA Support: Disabled
 Compressed Oops: Enabled (32-bit)
 Heap Region Size: 1M
 Heap Min Capacity: 8M
 Heap Initial Capacity: 126M
 Heap Max Capacity: 2000M
 Pre-touch: Disabled
 Parallel Workers: 8
 Concurrent Workers: 2
 Concurrent Refinement Workers: 8
 Periodic GC: Disabled

Heap:
 garbage-first heap   total reserved 2048000K, committed 48128K, used 33285K [0x0000000083000000, 0x0000000100000000)
  region size 1024K, 12 young (12288K), 2 survivors (2048K)
 Metaspace       used 61231K, committed 61824K, reserved 1114112K
  class space    used 8385K, committed 8640K, reserved 1048576K

Heap Regions: E=young(eden), S=young(survivor), O=old, HS=humongous(starts), HC=humongous(continues), CS=collection set, F=free, TAMS=top-at-mark-start, PB=parsable bottom
|   0|0x0000000083000000, 0x0000000083100000, 0x0000000083100000|100%|HS|  |TAMS 0x0000000083000000| PB 0x0000000083000000| Complete |  0
|   1|0x0000000083100000, 0x0000000083200000, 0x0000000083200000|100%|HS|  |TAMS 0x0000000083100000| PB 0x0000000083100000| Complete |  0
|   2|0x0000000083200000, 0x0000000083300000, 0x0000000083300000|100%| O|  |TAMS 0x0000000083200000| PB 0x0000000083200000| Untracked |  0
|   3|0x0000000083300000, 0x0000000083400000, 0x0000000083400000|100%| O|  |TAMS 0x0000000083300000| PB 0x0000000083300000| Untracked |  0
|   4|0x0000000083400000, 0x0000000083500000, 0x0000000083500000|100%| O|  |TAMS 0x0000000083400000| PB 0x0000000083400000| Untracked |  0
|   5|0x0000000083500000, 0x0000000083600000, 0x0000000083600000|100%| O|  |TAMS 0x0000000083500000| PB 0x0000000083500000| Untracked |  0
|   6|0x0000000083600000, 0x0000000083700000, 0x0000000083700000|100%| O|  |TAMS 0x0000000083600000| PB 0x0000000083600000| Untracked |  0
|   7|0x0000000083700000, 0x0000000083800000, 0x0000000083800000|100%| O|  |TAMS 0x0000000083700000| PB 0x0000000083700000| Untracked |  0
|   8|0x0000000083800000, 0x0000000083900000, 0x0000000083900000|100%| O|  |TAMS 0x0000000083800000| PB 0x0000000083800000| Untracked |  0
|   9|0x0000000083900000, 0x0000000083a00000, 0x0000000083a00000|100%| O|  |TAMS 0x0000000083900000| PB 0x0000000083900000| Untracked |  0
|  10|0x0000000083a00000, 0x0000000083b00000, 0x0000000083b00000|100%| O|  |TAMS 0x0000000083a00000| PB 0x0000000083a00000| Untracked |  0
|  11|0x0000000083b00000, 0x0000000083c00000, 0x0000000083c00000|100%| O|  |TAMS 0x0000000083b00000| PB 0x0000000083b00000| Untracked |  0
|  12|0x0000000083c00000, 0x0000000083d00000, 0x0000000083d00000|100%| O|  |TAMS 0x0000000083c00000| PB 0x0000000083c00000| Untracked |  0
|  13|0x0000000083d00000, 0x0000000083e00000, 0x0000000083e00000|100%| O|  |TAMS 0x0000000083d00000| PB 0x0000000083d00000| Untracked |  0
|  14|0x0000000083e00000, 0x0000000083f00000, 0x0000000083f00000|100%| O|  |TAMS 0x0000000083e00000| PB 0x0000000083e00000| Untracked |  0
|  15|0x0000000083f00000, 0x0000000084000000, 0x0000000084000000|100%| O|  |TAMS 0x0000000083f00000| PB 0x0000000083f00000| Untracked |  0
|  16|0x0000000084000000, 0x0000000084100000, 0x0000000084100000|100%| O|  |TAMS 0x0000000084000000| PB 0x0000000084000000| Untracked |  0
|  17|0x0000000084100000, 0x0000000084200000, 0x0000000084200000|100%| O|Cm|TAMS 0x0000000084100000| PB 0x0000000084100000| Complete |  0
|  18|0x0000000084200000, 0x0000000084300000, 0x0000000084300000|100%| O|  |TAMS 0x0000000084200000| PB 0x0000000084200000| Untracked |  0
|  19|0x0000000084300000, 0x0000000084400000, 0x0000000084400000|100%| O|  |TAMS 0x0000000084300000| PB 0x0000000084300000| Untracked |  0
|  20|0x0000000084400000, 0x0000000084500000, 0x0000000084500000|100%| O|  |TAMS 0x0000000084400000| PB 0x0000000084400000| Untracked |  0
|  21|0x0000000084500000, 0x0000000084600000, 0x0000000084600000|100%| O|  |TAMS 0x0000000084500000| PB 0x0000000084500000| Untracked |  0
|  22|0x0000000084600000, 0x0000000084700000, 0x0000000084700000|100%| O|  |TAMS 0x0000000084600000| PB 0x0000000084600000| Untracked |  0
|  23|0x0000000084700000, 0x0000000084700000, 0x0000000084800000|  0%| F|  |TAMS 0x0000000084700000| PB 0x0000000084700000| Untracked |  0
|  24|0x0000000084800000, 0x0000000084800000, 0x0000000084900000|  0%| F|  |TAMS 0x0000000084800000| PB 0x0000000084800000| Untracked |  0
|  25|0x0000000084900000, 0x0000000084900000, 0x0000000084a00000|  0%| F|  |TAMS 0x0000000084900000| PB 0x0000000084900000| Untracked |  0
|  26|0x0000000084a00000, 0x0000000084a00000, 0x0000000084b00000|  0%| F|  |TAMS 0x0000000084a00000| PB 0x0000000084a00000| Untracked |  0
|  27|0x0000000084b00000, 0x0000000084b00000, 0x0000000084c00000|  0%| F|  |TAMS 0x0000000084b00000| PB 0x0000000084b00000| Untracked |  0
|  28|0x0000000084c00000, 0x0000000084c00000, 0x0000000084d00000|  0%| F|  |TAMS 0x0000000084c00000| PB 0x0000000084c00000| Untracked |  0
|  29|0x0000000084d00000, 0x0000000084d00000, 0x0000000084e00000|  0%| F|  |TAMS 0x0000000084d00000| PB 0x0000000084d00000| Untracked |  0
|  30|0x0000000084e00000, 0x0000000084e00000, 0x0000000084f00000|  0%| F|  |TAMS 0x0000000084e00000| PB 0x0000000084e00000| Untracked |  0
|  31|0x0000000084f00000, 0x0000000084f00000, 0x0000000085000000|  0%| F|  |TAMS 0x0000000084f00000| PB 0x0000000084f00000| Untracked |  0
|  32|0x0000000085000000, 0x0000000085000000, 0x0000000085100000|  0%| F|  |TAMS 0x0000000085000000| PB 0x0000000085000000| Untracked |  0
|  33|0x0000000085100000, 0x0000000085100000, 0x0000000085200000|  0%| F|  |TAMS 0x0000000085100000| PB 0x0000000085100000| Untracked |  0
|  34|0x0000000085200000, 0x0000000085200000, 0x0000000085300000|  0%| F|  |TAMS 0x0000000085200000| PB 0x0000000085200000| Untracked |  0
|  35|0x0000000085300000, 0x00000000853ea580, 0x0000000085400000| 91%| E|  |TAMS 0x0000000085300000| PB 0x0000000085300000| Complete |  0
|  36|0x0000000085400000, 0x0000000085500000, 0x0000000085500000|100%| E|CS|TAMS 0x0000000085400000| PB 0x0000000085400000| Complete |  0
|  37|0x0000000085500000, 0x0000000085600000, 0x0000000085600000|100%| E|CS|TAMS 0x0000000085500000| PB 0x0000000085500000| Complete |  0
|  38|0x0000000085600000, 0x0000000085700000, 0x0000000085700000|100%| E|CS|TAMS 0x0000000085600000| PB 0x0000000085600000| Complete |  0
|  39|0x0000000085700000, 0x0000000085800000, 0x0000000085800000|100%| E|CS|TAMS 0x0000000085700000| PB 0x0000000085700000| Complete |  0
|  77|0x0000000087d00000, 0x0000000087e00000, 0x0000000087e00000|100%| E|CS|TAMS 0x0000000087d00000| PB 0x0000000087d00000| Complete |  0
|  78|0x0000000087e00000, 0x0000000087f00000, 0x0000000087f00000|100%| E|CS|TAMS 0x0000000087e00000| PB 0x0000000087e00000| Complete |  0
|  79|0x0000000087f00000, 0x0000000087f81508, 0x0000000088000000| 50%| S|CS|TAMS 0x0000000087f00000| PB 0x0000000087f00000| Complete |  0
|  80|0x0000000088000000, 0x0000000088100000, 0x0000000088100000|100%| S|CS|TAMS 0x0000000088000000| PB 0x0000000088000000| Complete |  0
|  81|0x0000000088100000, 0x0000000088200000, 0x0000000088200000|100%| E|  |TAMS 0x0000000088100000| PB 0x0000000088100000| Complete |  0
|  82|0x0000000088200000, 0x0000000088300000, 0x0000000088300000|100%| E|CS|TAMS 0x0000000088200000| PB 0x0000000088200000| Complete |  0
| 125|0x000000008ad00000, 0x000000008ae00000, 0x000000008ae00000|100%| E|CS|TAMS 0x000000008ad00000| PB 0x000000008ad00000| Complete |  0

Card table byte_map: [0x0000015dd6e30000,0x0000015dd7220000] _byte_map_base: 0x0000015dd6a18000

Marking Bits: (CMBitMap*) 0x0000015dbef29a10
 Bits: [0x0000015dd7220000, 0x0000015dd9160000)

Polling page: 0x0000015dbcd40000

Metaspace:

Usage:
  Non-class:     51.61 MB used.
      Class:      8.19 MB used.
       Both:     59.80 MB used.

Virtual space:
  Non-class space:       64.00 MB reserved,      51.94 MB ( 81%) committed,  1 nodes.
      Class space:        1.00 GB reserved,       8.44 MB ( <1%) committed,  1 nodes.
             Both:        1.06 GB reserved,      60.38 MB (  6%) committed. 

Chunk freelists:
   Non-Class:  11.66 MB
       Class:  7.51 MB
        Both:  19.17 MB

MaxMetaspaceSize: unlimited
CompressedClassSpaceSize: 1.00 GB
Initial GC threshold: 21.00 MB
Current GC threshold: 98.12 MB
CDS: on
 - commit_granule_bytes: 65536.
 - commit_granule_words: 8192.
 - virtual_space_node_default_size: 8388608.
 - enlarge_chunks_in_place: 1.
 - use_allocation_guard: 0.


Internal statistics:

num_allocs_failed_limit: 9.
num_arena_births: 786.
num_arena_deaths: 0.
num_vsnodes_births: 2.
num_vsnodes_deaths: 0.
num_space_committed: 966.
num_space_uncommitted: 0.
num_chunks_returned_to_freelist: 9.
num_chunks_taken_from_freelist: 2832.
num_chunk_merges: 9.
num_chunk_splits: 2039.
num_chunks_enlarged: 1575.
num_inconsistent_stats: 0.

CodeHeap 'non-profiled nmethods': size=120064Kb used=2226Kb max_used=2327Kb free=117837Kb
 bounds [0x0000015dcf0c0000, 0x0000015dcf330000, 0x0000015dd6600000]
CodeHeap 'profiled nmethods': size=120000Kb used=7477Kb max_used=8037Kb free=112522Kb
 bounds [0x0000015dc7600000, 0x0000015dc7de0000, 0x0000015dceb30000]
CodeHeap 'non-nmethods': size=5696Kb used=1862Kb max_used=1896Kb free=3833Kb
 bounds [0x0000015dceb30000, 0x0000015dceda0000, 0x0000015dcf0c0000]
CodeCache: size=245760Kb, used=11565Kb, max_used=12260Kb, free=234192Kb
 total_blobs=5644, nmethods=4908, adapters=641, full_count=0
Compilation: enabled, stopped_count=0, restarted_count=0

Compilation events (20 events):
Event: 16.148 Thread 0x0000015ddbc3e540 5551       3       java.util.stream.AbstractPipeline::close (42 bytes)
Event: 16.148 Thread 0x0000015ddbc3e540 nmethod 5551 0x0000015dc7754a88 code [0x0000015dc7754bc0, 0x0000015dc7754e58]
Event: 16.154 Thread 0x0000015ddbc3e540 5552       1       java.util.Spliterators$EmptySpliterator::estimateSize (2 bytes)
Event: 16.154 Thread 0x0000015ddbc3e540 nmethod 5552 0x0000015dcf124d08 code [0x0000015dcf124e20, 0x0000015dcf124ee8]
Event: 16.159 Thread 0x0000015ddbc3e540 5553   !   3       java.util.stream.ReferencePipeline$7$1FlatMap::accept (103 bytes)
Event: 16.160 Thread 0x0000015ddbc3e540 nmethod 5553 0x0000015dc77f9c88 code [0x0000015dc77f9e80, 0x0000015dc77fac88]
Event: 16.160 Thread 0x0000015ddbc3e540 5555       3       java.util.stream.MatchOps$MatchOp::getOpFlags (8 bytes)
Event: 16.161 Thread 0x0000015ddbc3e540 nmethod 5555 0x0000015dc764c908 code [0x0000015dc764ca20, 0x0000015dc764cb30]
Event: 16.161 Thread 0x0000015ddbc3e540 5556       3       java.util.stream.MatchOps$MatchOp::evaluateSequential (7 bytes)
Event: 16.161 Thread 0x0000015ddbc3e540 nmethod 5556 0x0000015dc79ae808 code [0x0000015dc79ae980, 0x0000015dc79aefa8]
Event: 16.161 Thread 0x0000015ddbc3e540 5557       3       java.util.stream.MatchOps$MatchOp::evaluateSequential (27 bytes)
Event: 16.162 Thread 0x0000015ddbc3e540 nmethod 5557 0x0000015dc7bd0108 code [0x0000015dc7bd0260, 0x0000015dc7bd0828]
Event: 16.162 Thread 0x0000015ddbc3e540 5558       3       java.util.stream.MatchOps$BooleanTerminalSink::<init> (21 bytes)
Event: 16.162 Thread 0x0000015ddbc3e540 nmethod 5558 0x0000015dc7651f08 code [0x0000015dc7652020, 0x0000015dc76521e8]
Event: 16.162 Thread 0x0000015ddbc3e540 5554       3       java.util.stream.AbstractPipeline::sequential (10 bytes)
Event: 16.163 Thread 0x0000015ddbc3e540 nmethod 5554 0x0000015dc7664d88 code [0x0000015dc7664ea0, 0x0000015dc7664fb8]
Event: 16.172 Thread 0x0000015ddbc3e540 5560       3       org.springframework.util.ReflectionUtils::findDefaultMethodsOnInterfaces (97 bytes)
Event: 16.174 Thread 0x0000015ddbc3e540 nmethod 5560 0x0000015dc76b2988 code [0x0000015dc76b2b40, 0x0000015dc76b33d0]
Event: 16.182 Thread 0x0000015ddbc3e540 5561       3       java.util.stream.MatchOps$1MatchSink::accept (44 bytes)
Event: 16.182 Thread 0x0000015ddbc3e540 nmethod 5561 0x0000015dc77c3108 code [0x0000015dc77c3240, 0x0000015dc77c3498]

GC Heap History (20 events):
Event: 5.015 GC heap before
{Heap before GC invocations=2 (full 0):
 garbage-first heap   total reserved 2048000K, committed 129024K, used 49313K [0x0000000083000000, 0x0000000100000000)
  region size 1024K, 43 young (44032K), 3 survivors (3072K)
 Metaspace       used 21209K, committed 21504K, reserved 1114112K
  class space    used 2613K, committed 2752K, reserved 1048576K
}
Event: 5.033 GC heap after
{Heap after GC invocations=3 (full 0):
 garbage-first heap   total reserved 2048000K, committed 129024K, used 14083K [0x0000000083000000, 0x0000000100000000)
  region size 1024K, 6 young (6144K), 6 survivors (6144K)
 Metaspace       used 21209K, committed 21504K, reserved 1114112K
  class space    used 2613K, committed 2752K, reserved 1048576K
}
Event: 6.763 GC heap before
{Heap before GC invocations=4 (full 0):
 garbage-first heap   total reserved 2048000K, committed 48128K, used 36611K [0x0000000083000000, 0x0000000100000000)
  region size 1024K, 28 young (28672K), 6 survivors (6144K)
 Metaspace       used 24878K, committed 25280K, reserved 1114112K
  class space    used 3156K, committed 3328K, reserved 1048576K
}
Event: 6.792 GC heap after
{Heap after GC invocations=5 (full 0):
 garbage-first heap   total reserved 2048000K, committed 48128K, used 15684K [0x0000000083000000, 0x0000000100000000)
  region size 1024K, 2 young (2048K), 2 survivors (2048K)
 Metaspace       used 24878K, committed 25280K, reserved 1114112K
  class space    used 3156K, committed 3328K, reserved 1048576K
}
Event: 8.407 GC heap before
{Heap before GC invocations=5 (full 0):
 garbage-first heap   total reserved 2048000K, committed 48128K, used 34116K [0x0000000083000000, 0x0000000100000000)
  region size 1024K, 21 young (21504K), 2 survivors (2048K)
 Metaspace       used 29344K, committed 29824K, reserved 1114112K
  class space    used 3754K, committed 3968K, reserved 1048576K
}
Event: 8.437 GC heap after
{Heap after GC invocations=6 (full 0):
 garbage-first heap   total reserved 2048000K, committed 48128K, used 18065K [0x0000000083000000, 0x0000000100000000)
  region size 1024K, 3 young (3072K), 3 survivors (3072K)
 Metaspace       used 29344K, committed 29824K, reserved 1114112K
  class space    used 3754K, committed 3968K, reserved 1048576K
}
Event: 10.058 GC heap before
{Heap before GC invocations=6 (full 0):
 garbage-first heap   total reserved 2048000K, committed 48128K, used 36497K [0x0000000083000000, 0x0000000100000000)
  region size 1024K, 22 young (22528K), 3 survivors (3072K)
 Metaspace       used 33710K, committed 34176K, reserved 1114112K
  class space    used 4410K, committed 4608K, reserved 1048576K
}
Event: 10.066 GC heap after
{Heap after GC invocations=7 (full 0):
 garbage-first heap   total reserved 2048000K, committed 48128K, used 19384K [0x0000000083000000, 0x0000000100000000)
  region size 1024K, 2 young (2048K), 2 survivors (2048K)
 Metaspace       used 33710K, committed 34176K, reserved 1114112K
  class space    used 4410K, committed 4608K, reserved 1048576K
}
Event: 10.520 GC heap before
{Heap before GC invocations=7 (full 0):
 garbage-first heap   total reserved 2048000K, committed 48128K, used 25528K [0x0000000083000000, 0x0000000100000000)
  region size 1024K, 9 young (9216K), 2 survivors (2048K)
 Metaspace       used 35472K, committed 35968K, reserved 1114112K
  class space    used 4698K, committed 4864K, reserved 1048576K
}
Event: 10.526 GC heap after
{Heap after GC invocations=8 (full 0):
 garbage-first heap   total reserved 2048000K, committed 48128K, used 19553K [0x0000000083000000, 0x0000000100000000)
  region size 1024K, 2 young (2048K), 2 survivors (2048K)
 Metaspace       used 35472K, committed 35968K, reserved 1114112K
  class space    used 4698K, committed 4864K, reserved 1048576K
}
Event: 12.610 GC heap before
{Heap before GC invocations=9 (full 0):
 garbage-first heap   total reserved 2048000K, committed 48128K, used 37985K [0x0000000083000000, 0x0000000100000000)
  region size 1024K, 21 young (21504K), 2 survivors (2048K)
 Metaspace       used 44233K, committed 44736K, reserved 1114112K
  class space    used 5842K, committed 6016K, reserved 1048576K
}
Event: 12.618 GC heap after
{Heap after GC invocations=10 (full 0):
 garbage-first heap   total reserved 2048000K, committed 48128K, used 21630K [0x0000000083000000, 0x0000000100000000)
  region size 1024K, 3 young (3072K), 3 survivors (3072K)
 Metaspace       used 44233K, committed 44736K, reserved 1114112K
  class space    used 5842K, committed 6016K, reserved 1048576K
}
Event: 13.696 GC heap before
{Heap before GC invocations=10 (full 0):
 garbage-first heap   total reserved 2048000K, committed 48128K, used 39038K [0x0000000083000000, 0x0000000100000000)
  region size 1024K, 21 young (21504K), 3 survivors (3072K)
 Metaspace       used 48417K, committed 49024K, reserved 1114112K
  class space    used 6428K, committed 6720K, reserved 1048576K
}
Event: 13.707 GC heap after
{Heap after GC invocations=11 (full 0):
 garbage-first heap   total reserved 2048000K, committed 48128K, used 22884K [0x0000000083000000, 0x0000000100000000)
  region size 1024K, 2 young (2048K), 2 survivors (2048K)
 Metaspace       used 48417K, committed 49024K, reserved 1114112K
  class space    used 6428K, committed 6720K, reserved 1048576K
}
Event: 14.758 GC heap before
{Heap before GC invocations=11 (full 0):
 garbage-first heap   total reserved 2048000K, committed 48128K, used 40292K [0x0000000083000000, 0x0000000100000000)
  region size 1024K, 20 young (20480K), 2 survivors (2048K)
 Metaspace       used 54824K, committed 55424K, reserved 1114112K
  class space    used 7403K, committed 7680K, reserved 1048576K
}
Event: 14.763 GC heap after
{Heap after GC invocations=12 (full 0):
 garbage-first heap   total reserved 2048000K, committed 48128K, used 23570K [0x0000000083000000, 0x0000000100000000)
  region size 1024K, 3 young (3072K), 3 survivors (3072K)
 Metaspace       used 54824K, committed 55424K, reserved 1114112K
  class space    used 7403K, committed 7680K, reserved 1048576K
}
Event: 15.630 GC heap before
{Heap before GC invocations=12 (full 0):
 garbage-first heap   total reserved 2048000K, committed 48128K, used 39954K [0x0000000083000000, 0x0000000100000000)
  region size 1024K, 20 young (20480K), 3 survivors (3072K)
 Metaspace       used 59353K, committed 59968K, reserved 1114112K
  class space    used 8080K, committed 8320K, reserved 1048576K
}
Event: 15.637 GC heap after
{Heap after GC invocations=13 (full 0):
 garbage-first heap   total reserved 2048000K, committed 48128K, used 24836K [0x0000000083000000, 0x0000000100000000)
  region size 1024K, 3 young (3072K), 3 survivors (3072K)
 Metaspace       used 59353K, committed 59968K, reserved 1114112K
  class space    used 8080K, committed 8320K, reserved 1048576K
}
Event: 15.755 GC heap before
{Heap before GC invocations=13 (full 0):
 garbage-first heap   total reserved 2048000K, committed 48128K, used 26884K [0x0000000083000000, 0x0000000100000000)
  region size 1024K, 6 young (6144K), 3 survivors (3072K)
 Metaspace       used 59487K, committed 60096K, reserved 1114112K
  class space    used 8088K, committed 8384K, reserved 1048576K
}
Event: 15.760 GC heap after
{Heap after GC invocations=14 (full 0):
 garbage-first heap   total reserved 2048000K, committed 48128K, used 25093K [0x0000000083000000, 0x0000000100000000)
  region size 1024K, 2 young (2048K), 2 survivors (2048K)
 Metaspace       used 59487K, committed 60096K, reserved 1114112K
  class space    used 8088K, committed 8384K, reserved 1048576K
}

Dll operation events (14 events):
Event: 0.031 Loaded shared library C:\Program Files\Java\jdk-23\bin\java.dll
Event: 0.110 Loaded shared library C:\Program Files\Java\jdk-23\bin\jsvml.dll
Event: 0.387 Loaded shared library C:\Program Files\Java\jdk-23\bin\zip.dll
Event: 0.394 Loaded shared library C:\Program Files\Java\jdk-23\bin\instrument.dll
Event: 0.401 Loaded shared library C:\Program Files\Java\jdk-23\bin\net.dll
Event: 0.405 Loaded shared library C:\Program Files\Java\jdk-23\bin\nio.dll
Event: 0.411 Loaded shared library C:\Program Files\Java\jdk-23\bin\zip.dll
Event: 0.661 Loaded shared library C:\Program Files\JetBrains\IntelliJ IDEA Community Edition 2024.3.1\bin\breakgen64.dll
Event: 0.683 Loaded shared library C:\Program Files\Java\jdk-23\bin\extnet.dll
Event: 0.809 Loaded shared library C:\Program Files\Java\jdk-23\bin\jimage.dll
Event: 3.713 Loaded shared library C:\Program Files\Java\jdk-23\bin\sunmscapi.dll
Event: 8.253 Loaded shared library C:\Program Files\Java\jdk-23\bin\management.dll
Event: 8.261 Loaded shared library C:\Program Files\Java\jdk-23\bin\management_ext.dll
Event: 10.325 Loaded shared library C:\Program Files\Java\jdk-23\bin\verify.dll

Deoptimization events (20 events):
Event: 15.573 Thread 0x0000015dbeed2a50 Uncommon trap: trap_request=0xfffffff4 fr.pc=0x0000015dcf2f94f0 relative=0x0000000000000330
Event: 15.573 Thread 0x0000015dbeed2a50 Uncommon trap: reason=null_check action=make_not_entrant pc=0x0000015dcf2f94f0 method=sun.invoke.util.VerifyType.isNullConversion(Ljava/lang/Class;Ljava/lang/Class;Z)Z @ 67 c2
Event: 15.573 Thread 0x0000015dbeed2a50 DEOPT PACKING pc=0x0000015dcf2f94f0 sp=0x0000003db3dfbab0
Event: 15.573 Thread 0x0000015dbeed2a50 DEOPT UNPACKING pc=0x0000015dceb87982 sp=0x0000003db3dfba30 mode 2
Event: 15.591 Thread 0x0000015dbeed2a50 Uncommon trap: trap_request=0xffffff45 fr.pc=0x0000015dcf2132f8 relative=0x0000000000000998
Event: 15.591 Thread 0x0000015dbeed2a50 Uncommon trap: reason=unstable_if action=reinterpret pc=0x0000015dcf2132f8 method=org.springframework.core.ResolvableType.resolveClass()Ljava/lang/Class; @ 38 c2
Event: 15.591 Thread 0x0000015dbeed2a50 DEOPT PACKING pc=0x0000015dcf2132f8 sp=0x0000003db3dfbb90
Event: 15.591 Thread 0x0000015dbeed2a50 DEOPT UNPACKING pc=0x0000015dceb87982 sp=0x0000003db3dfba98 mode 2
Event: 15.600 Thread 0x0000015dbeed2a50 Uncommon trap: trap_request=0xffffff45 fr.pc=0x0000015dcf28c2f8 relative=0x00000000000001d8
Event: 15.600 Thread 0x0000015dbeed2a50 Uncommon trap: reason=unstable_if action=reinterpret pc=0x0000015dcf28c2f8 method=java.util.ArrayDeque.addLast(Ljava/lang/Object;)V @ 42 c2
Event: 15.600 Thread 0x0000015dbeed2a50 DEOPT PACKING pc=0x0000015dcf28c2f8 sp=0x0000003db3dfc4c0
Event: 15.600 Thread 0x0000015dbeed2a50 DEOPT UNPACKING pc=0x0000015dceb87982 sp=0x0000003db3dfc418 mode 2
Event: 15.645 Thread 0x0000015dbeed2a50 Uncommon trap: trap_request=0xffffff45 fr.pc=0x0000015dcf1e6858 relative=0x0000000000000b18
Event: 15.645 Thread 0x0000015dbeed2a50 Uncommon trap: reason=unstable_if action=reinterpret pc=0x0000015dcf1e6858 method=jdk.internal.classfile.impl.SplitConstantPool.internalAdd(Ljava/lang/classfile/constantpool/PoolEntry;I)Ljava/lang/classfile/constantpool/PoolEntry; @ 18 c2
Event: 15.645 Thread 0x0000015dbeed2a50 DEOPT PACKING pc=0x0000015dcf1e6858 sp=0x0000003db3dfac80
Event: 15.645 Thread 0x0000015dbeed2a50 DEOPT UNPACKING pc=0x0000015dceb87982 sp=0x0000003db3dfac48 mode 2
Event: 15.699 Thread 0x0000015dbeed2a50 Uncommon trap: trap_request=0xfffffff4 fr.pc=0x0000015dcf2f39a4 relative=0x0000000000002104
Event: 15.699 Thread 0x0000015dbeed2a50 Uncommon trap: reason=null_check action=make_not_entrant pc=0x0000015dcf2f39a4 method=java.lang.Class.getMethodsRecursive(Ljava/lang/String;[Ljava/lang/Class;ZZ)Ljava/lang/PublicMethods$MethodList; @ 27 c2
Event: 15.699 Thread 0x0000015dbeed2a50 DEOPT PACKING pc=0x0000015dcf2f39a4 sp=0x0000003db3dfc4c0
Event: 15.699 Thread 0x0000015dbeed2a50 DEOPT UNPACKING pc=0x0000015dceb87982 sp=0x0000003db3dfc4a0 mode 2

Classes loaded (20 events):
Event: 13.843 Loading class java/util/concurrent/CompletableFuture$Completion
Event: 13.843 Loading class java/util/concurrent/CompletableFuture$AsynchronousCompletionTask
Event: 13.843 Loading class java/util/concurrent/CompletableFuture$AsynchronousCompletionTask done
Event: 13.843 Loading class java/util/concurrent/CompletableFuture$Completion done
Event: 13.995 Loading class java/util/concurrent/CancellationException
Event: 13.995 Loading class java/util/concurrent/CancellationException done
Event: 14.185 Loading class java/security/CodeSigner
Event: 14.186 Loading class java/security/CodeSigner done
Event: 14.631 Loading class java/util/ArrayList$ListItr
Event: 14.632 Loading class java/util/ArrayList$ListItr done
Event: 14.797 Loading class java/util/AbstractList$SubList
Event: 14.798 Loading class java/util/AbstractList$SubList done
Event: 14.823 Loading class java/lang/reflect/AnnotatedArrayType
Event: 14.824 Loading class java/lang/reflect/AnnotatedArrayType done
Event: 15.522 Loading class javax/naming/Reference
Event: 15.523 Loading class javax/naming/Reference done
Event: 15.580 Loading class java/lang/SafeVarargs
Event: 15.581 Loading class java/lang/SafeVarargs done
Event: 15.587 Loading class sun/reflect/generics/reflectiveObjects/GenericArrayTypeImpl
Event: 15.587 Loading class sun/reflect/generics/reflectiveObjects/GenericArrayTypeImpl done

Classes unloaded (0 events):
No events

Classes redefined (0 events):
No events

Internal exceptions (20 events):
Event: 15.072 Thread 0x0000015dbeed2a50 Exception <a 'java/lang/NoSuchMethodError'{0x0000000087ea5d40}: 'java.lang.Object java.lang.invoke.DirectMethodHandle$Holder.newInvokeSpecial(java.lang.Object, java.lang.Object, int, java.lang.Object)'> (0x0000000087ea5d40) 
thrown [s\open\src\hotspot\share\interpreter\linkResolver.cpp, line 796]
Event: 15.072 Thread 0x0000015dbeed2a50 Exception <a 'java/lang/NoSuchMethodError'{0x0000000087ea96c8}: 'java.lang.Object java.lang.invoke.Invokers$Holder.linkToTargetMethod(java.lang.Object, int, java.lang.Object, java.lang.Object)'> (0x0000000087ea96c8) 
thrown [s\open\src\hotspot\share\interpreter\linkResolver.cpp, line 796]
Event: 15.099 Thread 0x0000015dbeed2a50 Exception <a 'java/lang/NoSuchMethodError'{0x0000000087d2fb50}: 'void java.lang.invoke.DirectMethodHandle$Holder.invokeSpecial(java.lang.Object, java.lang.Object, java.lang.Object, java.lang.Object, java.lang.Object, java.lang.Object, java.lang.Object, java.lang.Object)'> (0x0000000087d2fb50) 
thrown [s\open\src\hotspot\share\interpreter\linkResolver.cpp, line 796]
Event: 15.112 Thread 0x0000015dbeed2a50 Exception <a 'java/lang/NoSuchMethodError'{0x0000000087d68438}: 'void java.lang.invoke.DirectMethodHandle$Holder.invokeSpecial(java.lang.Object, java.lang.Object, int, java.lang.Object)'> (0x0000000087d68438) 
thrown [s\open\src\hotspot\share\interpreter\linkResolver.cpp, line 796]
Event: 15.114 Thread 0x0000015dbeed2a50 Exception <a 'java/lang/IncompatibleClassChangeError'{0x0000000087d6e7f8}: Found class java.lang.Object, but interface was expected> (0x0000000087d6e7f8) 
thrown [s\open\src\hotspot\share\interpreter\linkResolver.cpp, line 863]
Event: 15.164 Thread 0x0000015dbeed2a50 Exception <a 'java/lang/NoSuchMethodError'{0x00000000857b3d50}: 'int java.lang.invoke.DirectMethodHandle$Holder.invokeSpecial(java.lang.Object, java.lang.Object, int, java.lang.Object)'> (0x00000000857b3d50) 
thrown [s\open\src\hotspot\share\interpreter\linkResolver.cpp, line 796]
Event: 15.165 Thread 0x0000015dbeed2a50 Exception <a 'java/lang/NoSuchMethodError'{0x00000000857bc4c0}: 'int java.lang.invoke.DirectMethodHandle$Holder.invokeStatic(java.lang.Object, int, java.lang.Object)'> (0x00000000857bc4c0) 
thrown [s\open\src\hotspot\share\interpreter\linkResolver.cpp, line 796]
Event: 15.169 Thread 0x0000015dbeed2a50 Exception <a 'java/lang/NoSuchMethodError'{0x00000000857d88a0}: 'java.lang.Object java.lang.invoke.DirectMethodHandle$Holder.newInvokeSpecial(java.lang.Object, java.lang.Object, java.lang.Object, java.lang.Object, java.lang.Object, int, java.lang.Object)'> (0x00000000857d88a0) 
thrown [s\open\src\hotspot\share\interpreter\linkResolver.cpp, line 796]
Event: 15.178 Thread 0x0000015dbeed2a50 Exception <a 'java/lang/NoSuchMethodError'{0x00000000856140a8}: 'java.lang.Object java.lang.invoke.DirectMethodHandle$Holder.newInvokeSpecial(java.lang.Object, java.lang.Object, java.lang.Object, java.lang.Object, java.lang.Object, java.lang.Object, java.lang.Object, java.lang.Object, java.lang.Object, java.lang.Object, java.lang.Object, java.lang.Object)'> (0x00000000856140a8) 
thrown [s\open\src\hotspot\share\interpreter\linkResolver.cpp, line 796]
Event: 15.179 Thread 0x0000015dbeed2a50 Exception <a 'java/lang/NoSuchMethodError'{0x000000008561cfd8}: 'java.lang.Object java.lang.invoke.Invokers$Holder.linkToTargetMethod(java.lang.Object, java.lang.Object, java.lang.Object, java.lang.Object, java.lang.Object, java.lang.Object, java.lang.Object, java.lang.Object, java.lang.Object, java.lang.Object, java.lang.Object, java.lang.Object)'> (0x000000008561cfd8) 
thrown [s\open\src\hotspot\share\interpreter\linkResolver.cpp, line 796]
Event: 15.242 Thread 0x0000015dbeed2a50 Exception <a 'java/lang/IncompatibleClassChangeError'{0x0000000085594e78}: Found class java.lang.Object, but interface was expected> (0x0000000085594e78) 
thrown [s\open\src\hotspot\share\interpreter\linkResolver.cpp, line 863]
Event: 15.267 Thread 0x0000015dbeed2a50 Exception <a 'java/lang/NoSuchMethodError'{0x0000000085406620}: 'java.lang.Object java.lang.invoke.DirectMethodHandle$Holder.newInvokeSpecial(java.lang.Object, java.lang.Object, java.lang.Object, java.lang.Object, java.lang.Object, java.lang.Object, java.lang.Object, int)'> (0x0000000085406620) 
thrown [s\open\src\hotspot\share\interpreter\linkResolver.cpp, line 796]
Event: 15.268 Thread 0x0000015dbeed2a50 Exception <a 'java/lang/NoSuchMethodError'{0x000000008540ab80}: 'java.lang.Object java.lang.invoke.DirectMethodHandle$Holder.invokeSpecial(java.lang.Object, java.lang.Object, java.lang.Object, java.lang.Object, java.lang.Object, java.lang.Object, java.lang.Object, java.lang.Object, int)'> (0x000000008540ab80) 
thrown [s\open\src\hotspot\share\interpreter\linkResolver.cpp, line 796]
Event: 15.269 Thread 0x0000015dbeed2a50 Exception <a 'java/lang/NoSuchMethodError'{0x000000008540eb68}: 'java.lang.Object java.lang.invoke.Invokers$Holder.linkToTargetMethod(java.lang.Object, java.lang.Object, java.lang.Object, java.lang.Object, java.lang.Object, java.lang.Object, int, java.lang.Object)'> (0x000000008540eb68) 
thrown [s\open\src\hotspot\share\interpreter\linkResolver.cpp, line 796]
Event: 15.319 Thread 0x0000015dbeed2a50 Exception <a 'java/lang/NoSuchMethodError'{0x00000000854d0398}: 'void java.lang.invoke.DirectMethodHandle$Holder.invokeInterface(java.lang.Object, java.lang.Object)'> (0x00000000854d0398) 
thrown [s\open\src\hotspot\share\interpreter\linkResolver.cpp, line 796]
Event: 15.537 Thread 0x0000015dbeed2a50 Exception <a 'java/lang/NoSuchMethodError'{0x00000000850ba578}: 'void java.lang.invoke.Invokers$Holder.invokeExact_MT(java.lang.Object, java.lang.Object, java.lang.Object, java.lang.Object)'> (0x00000000850ba578) 
thrown [s\open\src\hotspot\share\interpreter\linkResolver.cpp, line 796]
Event: 15.573 Thread 0x0000015dbeed2a50 Implicit null exception at 0x0000015dcf2f9273 to 0x0000015dcf2f94dc
Event: 15.699 Thread 0x0000015dbeed2a50 Implicit null exception at 0x0000015dcf2f1bc4 to 0x0000015dcf2f398c
Event: 15.762 Thread 0x0000015dbeed2a50 Exception <a 'java/lang/IncompatibleClassChangeError'{0x000000008ad00890}: Found class java.lang.Object, but interface was expected> (0x000000008ad00890) 
thrown [s\open\src\hotspot\share\interpreter\linkResolver.cpp, line 863]
Event: 15.876 Thread 0x0000015dbeed2a50 Exception <a 'java/lang/IncompatibleClassChangeError'{0x000000008828a100}: Found class java.lang.Object, but interface was expected> (0x000000008828a100) 
thrown [s\open\src\hotspot\share\interpreter\linkResolver.cpp, line 863]

VM Operations (20 events):
Event: 12.610 Executing VM operation: G1CollectForAllocation (G1 Evacuation Pause)
Event: 12.618 Executing VM operation: G1CollectForAllocation (G1 Evacuation Pause) done
Event: 13.696 Executing VM operation: G1CollectForAllocation (G1 Evacuation Pause)
Event: 13.707 Executing VM operation: G1CollectForAllocation (G1 Evacuation Pause) done
Event: 14.625 Executing VM operation: HandshakeAllThreads (Deoptimize)
Event: 14.625 Executing VM operation: HandshakeAllThreads (Deoptimize) done
Event: 14.633 Executing VM operation: HandshakeAllThreads (Deoptimize)
Event: 14.633 Executing VM operation: HandshakeAllThreads (Deoptimize) done
Event: 14.758 Executing VM operation: G1CollectForAllocation (G1 Evacuation Pause)
Event: 14.763 Executing VM operation: G1CollectForAllocation (G1 Evacuation Pause) done
Event: 15.489 Executing VM operation: HandshakeAllThreads (Deoptimize)
Event: 15.489 Executing VM operation: HandshakeAllThreads (Deoptimize) done
Event: 15.630 Executing VM operation: G1CollectForAllocation (G1 Evacuation Pause)
Event: 15.637 Executing VM operation: G1CollectForAllocation (G1 Evacuation Pause) done
Event: 15.755 Executing VM operation: CollectForMetadataAllocation (Metadata GC Threshold)
Event: 15.760 Executing VM operation: CollectForMetadataAllocation (Metadata GC Threshold) done
Event: 15.807 Executing VM operation: G1PauseRemark
Event: 15.813 Executing VM operation: G1PauseRemark done
Event: 15.832 Executing VM operation: G1PauseCleanup
Event: 15.832 Executing VM operation: G1PauseCleanup done

Memory protections (0 events):
No events

Nmethod flushes (20 events):
Event: 15.812 Thread 0x0000015ddbc06de0 flushing  nmethod 0x0000015dc7781488
Event: 15.812 Thread 0x0000015ddbc06de0 flushing  nmethod 0x0000015dc7784a08
Event: 15.812 Thread 0x0000015ddbc06de0 flushing  nmethod 0x0000015dc7789008
Event: 15.812 Thread 0x0000015ddbc06de0 flushing  nmethod 0x0000015dc7789388
Event: 15.812 Thread 0x0000015ddbc06de0 flushing  nmethod 0x0000015dc781c688
Event: 15.812 Thread 0x0000015ddbc06de0 flushing  nmethod 0x0000015dc783c408
Event: 15.812 Thread 0x0000015ddbc06de0 flushing  nmethod 0x0000015dc79ad608
Event: 15.812 Thread 0x0000015ddbc06de0 flushing  nmethod 0x0000015dc79ae808
Event: 15.812 Thread 0x0000015ddbc06de0 flushing  nmethod 0x0000015dc7a14508
Event: 15.812 Thread 0x0000015ddbc06de0 flushing  nmethod 0x0000015dc7a82088
Event: 15.812 Thread 0x0000015ddbc06de0 flushing  nmethod 0x0000015dc7a83408
Event: 15.812 Thread 0x0000015ddbc06de0 flushing  nmethod 0x0000015dc7a87208
Event: 15.812 Thread 0x0000015ddbc06de0 flushing  nmethod 0x0000015dc7a88788
Event: 15.812 Thread 0x0000015ddbc06de0 flushing  nmethod 0x0000015dc7ac8588
Event: 15.812 Thread 0x0000015ddbc06de0 flushing  nmethod 0x0000015dc7b03c88
Event: 15.812 Thread 0x0000015ddbc06de0 flushing  nmethod 0x0000015dc7b05288
Event: 15.812 Thread 0x0000015ddbc06de0 flushing  nmethod 0x0000015dc7b29b08
Event: 15.812 Thread 0x0000015ddbc06de0 flushing  nmethod 0x0000015dc7b78a08
Event: 15.812 Thread 0x0000015ddbc06de0 flushing  nmethod 0x0000015dc7bb6708
Event: 15.812 Thread 0x0000015ddbc06de0 flushing  nmethod 0x0000015dc7c05008

Events (20 events):
Event: 7.874 Thread 0x0000015e22e05820 Thread exited: 0x0000015e22e05820
Event: 8.277 Thread 0x0000015e21685b20 Thread exited: 0x0000015e21685b20
Event: 8.460 Thread 0x0000015ddbc349c0 Thread added: 0x0000015e21685ab0
Event: 8.461 Thread 0x0000015ddbc349c0 Thread added: 0x0000015e22cad050
Event: 8.640 Thread 0x0000015dbeed2a50 Thread added: 0x0000015e21dd8ec0
Event: 8.647 Thread 0x0000015dbeed2a50 Thread added: 0x0000015e21dd9550
Event: 8.662 Thread 0x0000015dbeed2a50 Thread added: 0x0000015e21dd7b10
Event: 8.770 Thread 0x0000015dbeed2a50 Thread added: 0x0000015e242236f0
Event: 9.894 Thread 0x0000015e22cad050 Thread exited: 0x0000015e22cad050
Event: 10.813 Thread 0x0000015e21685ab0 Thread exited: 0x0000015e21685ab0
Event: 11.619 Thread 0x0000015ddbc3e540 Thread added: 0x0000015e21d6b710
Event: 11.639 Thread 0x0000015e21d6b710 Thread added: 0x0000015e21b912b0
Event: 12.011 Thread 0x0000015e21b912b0 Thread exited: 0x0000015e21b912b0
Event: 12.472 Thread 0x0000015dbeed2a50 Thread added: 0x0000015e24223d80
Event: 12.590 Thread 0x0000015e24223d80 Thread added: 0x0000015e24224aa0
Event: 12.853 Thread 0x0000015ddbc3e540 Thread added: 0x0000015e221ee460
Event: 13.960 Thread 0x0000015e221ee460 Thread exited: 0x0000015e221ee460
Event: 14.527 Thread 0x0000015e21d6b710 Thread exited: 0x0000015e21d6b710
Event: 15.557 Thread 0x0000015ddbc3e540 Thread added: 0x0000015e2303f040
Event: 15.588 Thread 0x0000015ddbc3e540 Thread added: 0x0000015e266a1ff0


Dynamic libraries:
0x00007ff6a56d0000 - 0x00007ff6a56e0000 	C:\Program Files\Java\jdk-23\bin\java.exe
0x00007ff83a9e0000 - 0x00007ff83ac43000 	C:\WINDOWS\SYSTEM32\ntdll.dll
0x00007ff839040000 - 0x00007ff839108000 	C:\WINDOWS\System32\KERNEL32.DLL
0x00007ff838040000 - 0x00007ff8383f2000 	C:\WINDOWS\System32\KERNELBASE.dll
0x00007ff837e60000 - 0x00007ff837fab000 	C:\WINDOWS\System32\ucrtbase.dll
0x00007ff834760000 - 0x00007ff834777000 	C:\Program Files\Java\jdk-23\bin\jli.dll
0x00007ff834780000 - 0x00007ff83479b000 	C:\Program Files\Java\jdk-23\bin\VCRUNTIME140.dll
0x00007ff83a720000 - 0x00007ff83a8e8000 	C:\WINDOWS\System32\USER32.dll
0x00007ff823030000 - 0x00007ff8232c0000 	C:\WINDOWS\WinSxS\amd64_microsoft.windows.common-controls_6595b64144ccf1df_6.0.26100.2454_none_3e0b68a2e331ad60\COMCTL32.dll
0x00007ff8384a0000 - 0x00007ff8384c7000 	C:\WINDOWS\System32\win32u.dll
0x00007ff83a5f0000 - 0x00007ff83a699000 	C:\WINDOWS\System32\msvcrt.dll
0x00007ff83a6f0000 - 0x00007ff83a71a000 	C:\WINDOWS\System32\GDI32.dll
0x00007ff838650000 - 0x00007ff83877b000 	C:\WINDOWS\System32\gdi32full.dll
0x00007ff837db0000 - 0x00007ff837e53000 	C:\WINDOWS\System32\msvcp_win.dll
0x00007ff838840000 - 0x00007ff83886f000 	C:\WINDOWS\System32\IMM32.DLL
0x00007ff8338e0000 - 0x00007ff8338ec000 	C:\Program Files\Java\jdk-23\bin\vcruntime140_1.dll
0x00007ff8326d0000 - 0x00007ff83275e000 	C:\Program Files\Java\jdk-23\bin\msvcp140.dll
0x00007fffa8530000 - 0x00007fffa927f000 	C:\Program Files\Java\jdk-23\bin\server\jvm.dll
0x00007ff83a220000 - 0x00007ff83a2d4000 	C:\WINDOWS\System32\ADVAPI32.dll
0x00007ff83a8f0000 - 0x00007ff83a996000 	C:\WINDOWS\System32\sechost.dll
0x00007ff839e30000 - 0x00007ff839f46000 	C:\WINDOWS\System32\RPCRT4.dll
0x00007ff839f50000 - 0x00007ff839fc4000 	C:\WINDOWS\System32\WS2_32.dll
0x00007ff837c40000 - 0x00007ff837c8e000 	C:\WINDOWS\SYSTEM32\POWRPROF.dll
0x00007ff821a80000 - 0x00007ff821ab6000 	C:\WINDOWS\SYSTEM32\WINMM.dll
0x00007ff82fa90000 - 0x00007ff82fa9b000 	C:\WINDOWS\SYSTEM32\VERSION.dll
0x00007ff837c20000 - 0x00007ff837c34000 	C:\WINDOWS\SYSTEM32\UMPDC.dll
0x00007ff836b90000 - 0x00007ff836baa000 	C:\WINDOWS\SYSTEM32\kernel.appcore.dll
0x00007ff8326c0000 - 0x00007ff8326ca000 	C:\Program Files\Java\jdk-23\bin\jimage.dll
0x00007ff8357b0000 - 0x00007ff8359f1000 	C:\WINDOWS\SYSTEM32\DBGHELP.DLL
0x00007ff839220000 - 0x00007ff83959e000 	C:\WINDOWS\System32\combase.dll
0x00007ff83a510000 - 0x00007ff83a5e6000 	C:\WINDOWS\System32\OLEAUT32.dll
0x00007ff8218e0000 - 0x00007ff821919000 	C:\WINDOWS\SYSTEM32\dbgcore.DLL
0x00007ff838400000 - 0x00007ff838499000 	C:\WINDOWS\System32\bcryptPrimitives.dll
0x00007ff833ba0000 - 0x00007ff833baf000 	C:\Program Files\Java\jdk-23\bin\instrument.dll
0x00007ff8326a0000 - 0x00007ff8326be000 	C:\Program Files\Java\jdk-23\bin\java.dll
0x00007ff839fd0000 - 0x00007ff83a169000 	C:\WINDOWS\System32\ole32.dll
0x00007ff8395c0000 - 0x00007ff839cc0000 	C:\WINDOWS\System32\SHELL32.dll
0x00007ff835b00000 - 0x00007ff836331000 	C:\WINDOWS\SYSTEM32\windows.storage.dll
0x00007ff839140000 - 0x00007ff83921a000 	C:\WINDOWS\System32\SHCORE.dll
0x00007ff83a4b0000 - 0x00007ff83a50d000 	C:\WINDOWS\System32\shlwapi.dll
0x00007ff837cc0000 - 0x00007ff837cee000 	C:\WINDOWS\SYSTEM32\profapi.dll
0x00007ff81a9b0000 - 0x00007ff81aa87000 	C:\Program Files\Java\jdk-23\bin\jsvml.dll
0x00007ff823ff0000 - 0x00007ff824007000 	C:\Program Files\Java\jdk-23\bin\zip.dll
0x00007ff8242e0000 - 0x00007ff8242f0000 	C:\Program Files\Java\jdk-23\bin\net.dll
0x00007ff8370f0000 - 0x00007ff837158000 	C:\WINDOWS\system32\mswsock.dll
0x00007ff824280000 - 0x00007ff824296000 	C:\Program Files\Java\jdk-23\bin\nio.dll
0x00007ff832940000 - 0x00007ff83295a000 	C:\Program Files\JetBrains\IntelliJ IDEA Community Edition 2024.3.1\bin\breakgen64.dll
0x00007ff8242d0000 - 0x00007ff8242d9000 	C:\Program Files\Java\jdk-23\bin\extnet.dll
0x00007ff833b90000 - 0x00007ff833b9e000 	C:\Program Files\Java\jdk-23\bin\sunmscapi.dll
0x00007ff8384d0000 - 0x00007ff838646000 	C:\WINDOWS\System32\CRYPT32.dll
0x00007ff837590000 - 0x00007ff8375c0000 	C:\WINDOWS\SYSTEM32\ncrypt.dll
0x00007ff837540000 - 0x00007ff83757f000 	C:\WINDOWS\SYSTEM32\NTASN1.dll
0x00007ff8373a0000 - 0x00007ff8373bc000 	C:\WINDOWS\SYSTEM32\CRYPTSP.dll
0x00007ff836b50000 - 0x00007ff836b88000 	C:\WINDOWS\system32\rsaenh.dll
0x00007ff837190000 - 0x00007ff8371bb000 	C:\WINDOWS\SYSTEM32\USERENV.dll
0x00007ff8375d0000 - 0x00007ff8375f6000 	C:\WINDOWS\SYSTEM32\bcrypt.dll
0x00007ff837390000 - 0x00007ff83739c000 	C:\WINDOWS\SYSTEM32\CRYPTBASE.dll
0x00007ff836680000 - 0x00007ff8366b2000 	C:\WINDOWS\SYSTEM32\IPHLPAPI.DLL
0x00007ff8395b0000 - 0x00007ff8395ba000 	C:\WINDOWS\System32\NSI.dll
0x00007ff8327c0000 - 0x00007ff8327ca000 	C:\Program Files\Java\jdk-23\bin\management.dll
0x00007ff8327b0000 - 0x00007ff8327bb000 	C:\Program Files\Java\jdk-23\bin\management_ext.dll
0x00007ff839110000 - 0x00007ff839118000 	C:\WINDOWS\System32\PSAPI.DLL
0x00007ff823f90000 - 0x00007ff823fa0000 	C:\Program Files\Java\jdk-23\bin\verify.dll
0x00007ff836720000 - 0x00007ff836845000 	C:\WINDOWS\SYSTEM32\DNSAPI.dll
0x00007ff826990000 - 0x00007ff82699b000 	C:\Windows\System32\rasadhlp.dll
0x00007ff8306f0000 - 0x00007ff830775000 	C:\WINDOWS\System32\fwpuclnt.dll

dbghelp: loaded successfully - version: 4.0.5 - missing functions: none
symbol engine: initialized successfully - sym options: 0x614 - pdb path: .;C:\Program Files\Java\jdk-23\bin;C:\WINDOWS\SYSTEM32;C:\WINDOWS\WinSxS\amd64_microsoft.windows.common-controls_6595b64144ccf1df_6.0.26100.2454_none_3e0b68a2e331ad60;C:\Program Files\Java\jdk-23\bin\server;C:\Program Files\JetBrains\IntelliJ IDEA Community Edition 2024.3.1\bin

VM Arguments:
jvm_args: -javaagent:C:\Program Files\JetBrains\IntelliJ IDEA Community Edition 2024.3.1\lib\idea_rt.jar=50639:C:\Program Files\JetBrains\IntelliJ IDEA Community Edition 2024.3.1\bin -Dfile.encoding=UTF-8 -Dsun.stdout.encoding=UTF-8 -Dsun.stderr.encoding=UTF-8 
java_command: com.app.Todo.TodoApplication
java_class_path (initial): E:\SpringBootProject\Todo\target\classes;C:\Users\bappa\.m2\repository\org\springframework\boot\spring-boot-starter-data-jpa\3.4.0\spring-boot-starter-data-jpa-3.4.0.jar;C:\Users\bappa\.m2\repository\org\springframework\boot\spring-boot-starter\3.4.0\spring-boot-starter-3.4.0.jar;C:\Users\bappa\.m2\repository\org\springframework\boot\spring-boot\3.4.0\spring-boot-3.4.0.jar;C:\Users\bappa\.m2\repository\org\springframework\boot\spring-boot-autoconfigure\3.4.0\spring-boot-autoconfigure-3.4.0.jar;C:\Users\bappa\.m2\repository\org\springframework\boot\spring-boot-starter-logging\3.4.0\spring-boot-starter-logging-3.4.0.jar;C:\Users\bappa\.m2\repository\ch\qos\logback\logback-classic\1.5.12\logback-classic-1.5.12.jar;C:\Users\bappa\.m2\repository\ch\qos\logback\logback-core\1.5.12\logback-core-1.5.12.jar;C:\Users\bappa\.m2\repository\org\apache\logging\log4j\log4j-to-slf4j\2.24.1\log4j-to-slf4j-2.24.1.jar;C:\Users\bappa\.m2\repository\org\apache\logging\log4j\log4j-api\2.24.1\log4j-api-2.24.1.jar;C:\Users\bappa\.m2\repository\org\slf4j\jul-to-slf4j\2.0.16\jul-to-slf4j-2.0.16.jar;C:\Users\bappa\.m2\repository\jakarta\annotation\jakarta.annotation-api\2.1.1\jakarta.annotation-api-2.1.1.jar;C:\Users\bappa\.m2\repository\org\yaml\snakeyaml\2.3\snakeyaml-2.3.jar;C:\Users\bappa\.m2\repository\org\springframework\boot\spring-boot-starter-jdbc\3.4.0\spring-boot-starter-jdbc-3.4.0.jar;C:\Users\bappa\.m2\repository\com\zaxxer\HikariCP\5.1.0\HikariCP-5.1.0.jar;C:\Users\bappa\.m2\repository\org\springframework\spring-jdbc\6.2.0\spring-jdbc-6.2.0.jar;C:\Users\bappa\.m2\repository\org\hibernate\orm\hibernate-core\6.6.2.Final\hibernate-core-6.6.2.Final.jar;C:\Users\bappa\.m2\repository\jakarta\persistence\jakarta.persistence-api\3.1.0\jakarta.persistence-api-3.1.0.jar;C:\Users\bappa\.m2\repository\jakarta\transaction\jakarta.transaction-api\2.0.1\jakarta.transaction-api-2.0.1.jar;C:\Users\bappa\.m2\repository\org\jboss\logging\jboss-logging\3.6.1.Final\jboss-logging-3.6.1.Final.jar;C:\Users\bappa\.m2\repository\org\hibernate\common\hibernate-commons-annotations\7.0.3.Final\hibernate-commons-annotations-7.0.3.Final.jar;C:\Users\bappa\.m2\repository\io\smallrye\jandex\3.2.0\jandex-3.2.0.jar;C:\Users\bappa\.m2\repository\com\fasterxml\classmate\1.7.0\classmate-1.7.0.jar;C:\Users\bappa\.m2\repository\net\bytebuddy\byte-buddy\1.15.10\byte-buddy-1.15.10.jar;C:\Users\bappa\.m2\repository\org\glassfish\jaxb\jaxb-runtime\4.0.5\jaxb-runtime-4.0.5.jar;C:\Users\bappa\.m2\repository\org\glassfish\jaxb\jaxb-core\4.0.5\jaxb-core-4.0.5.jar;C:\Users\bappa\.m2\repository\org\eclipse\angus\angus-activation\2.0.2\angus-activation-2.0.2.jar;C:\Users\bappa\.m2\repository\org\glassfish\jaxb\txw2\4.0.5\txw2-4.0.5.jar;C:\Users\bappa\.m2\repository\com\sun\istack\istack-commons-runtime\4.1.2\istack-commons-runtime-4.1.2.jar;C:\Users\bappa\.m2\repository\jakarta\inject\jakarta.inject-api\2.0.1\jakarta.inject-api-2.0.1.jar;C:\Users\bappa\.m2\repository\org\antlr\antlr4-runtime\4.13.0\antlr4-runtime-4.13.0.jar;C:\Users\bappa\.m2\repository\org\springframework\data\spring-data-jpa\3.4.0\spring-data-jpa-3.4.0.jar;C:\Users\bappa\.m2\repository\org\springframework\data\spring-data-commons\3.4.0\spring-data-commons-3.4.0.jar;C:\Users\bappa\.m2\repository\org\springframework\spring-orm\6.2.0\spring-orm-6.2.0.jar;C:\Users\bappa\.m2\repository\org\springframework\spring-context\6.2.0\spring-context-6.2.0.jar;C:\Users\bappa\.m2\repository\org\springframework\spring-aop\6.2.0\spring-aop-6.2.0.jar;C:\Users\bappa\.m2\repository\org\springframework\spring-tx\6.2.0\spring-tx-6.2.0.jar;C:\Users\bappa\.m2\repository\org\springframework\spring-beans\6.2.0\spring-beans-6.2.0.jar;C:\Users\bappa\.m2\repository\org\slf4j\slf4j-api\2.0.16\slf4j-api-2.0.16.jar;C:\Users\bappa\.m2\repository\org\springframework\spring-aspects\6.2.0\spring-aspects-6.2.0.jar;C:\Users\bappa\.m2\repository\org\aspectj\aspectjweaver\1.9.22.1\aspectjweaver-1.9.22.1.jar;C:\Users\bappa\.m2\repository\org\springframework\boot\spring-boot-starter-thymeleaf\3.4.0\spring-boot-starter-thymeleaf-3.4.0.jar;C:\Users\bappa\.m2\repository\org\thymeleaf\thymeleaf-spring6\3.1.2.RELEASE\thymeleaf-spring6-3.1.2.RELEASE.jar;C:\Users\bappa\.m2\repository\org\thymeleaf\thymeleaf\3.1.2.RELEASE\thymeleaf-3.1.2.RELEASE.jar;C:\Users\bappa\.m2\repository\org\attoparser\attoparser\2.0.7.RELEASE\attoparser-2.0.7.RELEASE.jar;C:\Users\bappa\.m2\repository\org\unbescape\unbescape\1.1.6.RELEASE\unbescape-1.1.6.RELEASE.jar;C:\Users\bappa\.m2\repository\org\springframework\boot\spring-boot-starter-web\3.4.0\spring-boot-starter-web-3.4.0.jar;C:\Users\bappa\.m2\repository\org\springframework\boot\spring-boot-starter-json\3.4.0\spring-boot-starter-json-3.4.0.jar;C:\Users\bappa\.m2\repository\com\fasterxml\jackson\core\jackson-databind\2.18.1\jackson-databind-2.18.1.jar;C:\Users\bappa\.m2\repository\com\fasterxml\jackson\core\jackson-annotations\2.18.1\jackson-annotations-2.18.1.jar;C:\Users\bappa\.m2\repository\com\fasterxml\jackson\core\jackson-core\2.18.1\jackson-core-2.18.1.jar;C:\Users\bappa\.m2\repository\com\fasterxml\jackson\datatype\jackson-datatype-jdk8\2.18.1\jackson-datatype-jdk8-2.18.1.jar;C:\Users\bappa\.m2\repository\com\fasterxml\jackson\datatype\jackson-datatype-jsr310\2.18.1\jackson-datatype-jsr310-2.18.1.jar;C:\Users\bappa\.m2\repository\com\fasterxml\jackson\module\jackson-module-parameter-names\2.18.1\jackson-module-parameter-names-2.18.1.jar;C:\Users\bappa\.m2\repository\org\springframework\boot\spring-boot-starter-tomcat\3.4.0\spring-boot-starter-tomcat-3.4.0.jar;C:\Users\bappa\.m2\repository\org\apache\tomcat\embed\tomcat-embed-core\10.1.33\tomcat-embed-core-10.1.33.jar;C:\Users\bappa\.m2\repository\org\apache\tomcat\embed\tomcat-embed-el\10.1.33\tomcat-embed-el-10.1.33.jar;C:\Users\bappa\.m2\repository\org\apache\tomcat\embed\tomcat-embed-websocket\10.1.33\tomcat-embed-websocket-10.1.33.jar;C:\Users\bappa\.m2\repository\org\springframework\spring-web\6.2.0\spring-web-6.2.0.jar;C:\Users\bappa\.m2\repository\io\micrometer\micrometer-observation\1.14.1\micrometer-observation-1.14.1.jar;C:\Users\bappa\.m2\repository\io\micrometer\micrometer-commons\1.14.1\micrometer-commons-1.14.1.jar;C:\Users\bappa\.m2\repository\org\springframework\spring-webmvc\6.2.0\spring-webmvc-6.2.0.jar;C:\Users\bappa\.m2\repository\org\springframework\spring-expression\6.2.0\spring-expression-6.2.0.jar;C:\Users\bappa\.m2\repository\com\mysql\mysql-connector-j\9.1.0\mysql-connector-j-9.1.0.jar;C:\Users\bappa\.m2\repository\org\projectlombok\lombok\1.18.36\lombok-1.18.36.jar;C:\Users\bappa\.m2\repository\jakarta\xml\bind\jakarta.xml.bind-api\4.0.2\jakarta.xml.bind-api-4.0.2.jar;C:\Users\bappa\.m2\repository\jakarta\activation\jakarta.activation-api\2.1.3\jakarta.activation-api-2.1.3.jar;C:\Users\bappa\.m2\repository\org\springframework\spring-core\6.2.0\spring-core-6.2.0.jar;C:\Users\bappa\.m2\repository\org\springframework\spring-jcl\6.2.0\spring-jcl-6.2.0.jar
Launcher Type: SUN_STANDARD

[Global flags]
     intx CICompilerCount                          = 4                                         {product} {ergonomic}
     uint ConcGCThreads                            = 2                                         {product} {ergonomic}
     uint G1ConcRefinementThreads                  = 8                                         {product} {ergonomic}
   size_t G1HeapRegionSize                         = 1048576                                   {product} {ergonomic}
   size_t InitialHeapSize                          = 132120576                                 {product} {ergonomic}
   size_t MarkStackSize                            = 4194304                                   {product} {ergonomic}
   size_t MarkStackSizeMax                         = 536870912                                 {product} {ergonomic}
   size_t MaxHeapSize                              = 2097152000                                {product} {ergonomic}
   size_t MaxNewSize                               = 1258291200                                {product} {ergonomic}
   size_t MinHeapDeltaBytes                        = 1048576                                   {product} {ergonomic}
   size_t MinHeapSize                              = 8388608                                   {product} {ergonomic}
    uintx NonNMethodCodeHeapSize                   = 5832704                                {pd product} {ergonomic}
    uintx NonProfiledCodeHeapSize                  = 122945536                              {pd product} {ergonomic}
    uintx ProfiledCodeHeapSize                     = 122880000                              {pd product} {ergonomic}
    uintx ReservedCodeCacheSize                    = 251658240                              {pd product} {ergonomic}
     bool SegmentedCodeCache                       = true                                      {product} {ergonomic}
   size_t SoftMaxHeapSize                          = 2097152000                             {manageable} {ergonomic}
     bool UseCompressedOops                        = true                           {product lp64_product} {ergonomic}
     bool UseG1GC                                  = true                                      {product} {ergonomic}
     bool UseLargePagesIndividualAllocation        = false                                  {pd product} {ergonomic}

Logging:
Log output configuration:
 #0: stdout all=warning uptime,level,tags foldmultilines=false
 #1: stderr all=off uptime,level,tags foldmultilines=false

Environment Variables:
PATH=C:\Program Files\Common Files\Oracle\Java\javapath;C:\WINDOWS\system32;C:\WINDOWS;C:\WINDOWS\System32\Wbem;C:\WINDOWS\System32\WindowsPowerShell\v1.0\;C:\WINDOWS\System32\OpenSSH\;C:\MinGW\bin;C:\Program Files\Git\cmd;C:\Program Files\MongoDB\mongosh-2.3.1-win32-x64\bin;C:\Users\bappa\AppData\Roaming\nvm;C:\Program Files\nodejs;C:\Users\bappa\Downloads\apache-maven-3.9.9-bin\apache-maven-3.9.9\bin;C:\Users\bappa\AppData\Local\Microsoft\WindowsApps;C:\Users\bappa\AppData\Local\Programs\Microsoft VS Code\bin;C:\MinGW\bin;C:\Users\bappa\AppData\Roaming\npm;C:\Program Files\Java\jdk-23\bin;C:\Program Files\CMake\bin;C:\Users\bappa\AppData\Roaming\nvm;C:\Program Files\nodejs;;C:\Program Files\JetBrains\IntelliJ IDEA Community Edition 2024.3.1\bin;
USERNAME=bappa
OS=Windows_NT
PROCESSOR_IDENTIFIER=Intel64 Family 6 Model 126 Stepping 5, GenuineIntel
TMP=C:\Users\bappa\AppData\Local\Temp
TEMP=C:\Users\bappa\AppData\Local\Temp




Periodic native trim disabled

---------------  S Y S T E M  ---------------

OS:
 Windows 11 , 64 bit Build 26100 (10.0.26100.2454)
OS uptime: 0 days 0:53 hours

CPU: total 8 (initial active 8) (4 cores per cpu, 2 threads per core) family 6 model 126 stepping 5 microcode 0xa0, cx8, cmov, fxsr, ht, mmx, 3dnowpref, sse, sse2, sse3, ssse3, sse4.1, sse4.2, popcnt, lzcnt, tsc, tscinvbit, avx, avx2, aes, erms, clmul, bmi1, bmi2, adx, avx512f, avx512dq, avx512cd, avx512bw, avx512vl, sha, fma, vzeroupper, avx512_vpopcntdq, avx512_vpclmulqdq, avx512_vaes, avx512_vnni, clflush, clflushopt, avx512_vbmi2, avx512_vbmi, rdtscp, rdpid, fsrm, gfni, avx512_bitalg, f16c, pku, avx512_ifma
Processor Information for the first 8 processors :
  Max Mhz: 1201, Current Mhz: 700, Mhz Limit: 996

Memory: 4k page, system-wide physical 7997M (1109M free)
TotalPageFile size 10045M (AvailPageFile size 5M)
current process WorkingSet (physical memory assigned to process): 249M, peak: 250M
current process commit charge ("private bytes"): 286M, peak: 288M

vm_info: Java HotSpot(TM) 64-Bit Server VM (23.0.1+11-39) for windows-amd64 JRE (23.0.1+11-39), built on 2024-09-30T07:20:43Z with MS VC++ 17.6 (VS2022)

END.
